2024-03-03 00:12:42,078 - __main__ - INFO - Start Adecuator
2024-03-03 00:12:42,672 - __main__ - INFO - Loading config file
2024-03-03 00:12:42,672 - __main__ - INFO - Path to config file: /home/guillermo/Documentos/L1SPC/RasAdecuator/config_adec.yaml
2024-03-03 00:12:42,674 - ArgumentHandler - INFO - Argument Path: .
2024-03-03 00:12:42,674 - ArgumentHandler - INFO - Argument Lista Adquisiciones: adq
2024-03-03 00:12:42,674 - FileHandler - INFO - File opened: /home/guillermo/Documentos/L1SPC/RasAdecuator
2024-03-03 00:12:42,674 - __main__ - INFO - Adecuando adquisicion: get_arch26_121493
2024-03-03 00:12:42,674 - __main__ - INFO - Path to adquisition: /home/guillermo/Documentos/L1SPC/RasAdecuator/get_arch26_121493
2024-03-03 00:12:42,674 - __main__ - INFO - Platform: S1A
2024-03-03 00:12:42,674 - FileHandler - INFO - Creating folder structure for /home/guillermo/Documentos/L1SPC/RasAdecuator/get_arch26_121493
2024-03-03 00:12:42,675 - FileHandler - INFO - Content copied from /home/guillermo/Documentos/L1SPC/RasAdecuator/folder_structure/inputWorkspacesTemplate/workspaceSSP/proc.sh to /home/guillermo/Documentos/L1SPC/RasAdecuator/get_arch26_121493/workspaceSSP/proc.sh
2024-03-03 00:12:42,675 - FileHandler - INFO - Content copied from /home/guillermo/Documentos/L1SPC/RasAdecuator/folder_structure/inputWorkspacesTemplate/workspaceSSP/inputDir/parameterFile.xml to /home/guillermo/Documentos/L1SPC/RasAdecuator/get_arch26_121493/workspaceSSP/inputDir/parameterFile.xml
2024-03-03 00:12:42,675 - __main__ - INFO - Se ha creado la carpeta /home/guillermo/Documentos/L1SPC/RasAdecuator/get_arch26_121493
2024-03-03 00:12:42,675 - __main__ - INFO - Start adecuating TMD files
2024-03-03 00:12:42,675 - adec_processor - INFO - Moving .vc0 files to TMD input folder
2024-03-03 00:12:42,675 - ProcessBase - INFO - Moving /home/guillermo/Documentos/L1SPC/RasAdecuator/get_arch26_121493/S1A_OPER_SAR_RAS____IMT_VC0_0121493_0_18020240208162026_2.tar to /home/guillermo/Documentos/L1SPC/RasAdecuator/get_arch26_121493/workspaceTMD/inputDir
2024-03-03 00:12:42,675 - ProcessBase - INFO - Moving /home/guillermo/Documentos/L1SPC/RasAdecuator/get_arch26_121493/S1A_OPER_SAR_RAS____IMT_VC0_0121493_0_18020240208162026_2.xemt to /home/guillermo/Documentos/L1SPC/RasAdecuator/get_arch26_121493/workspaceTMD/inputDir
2024-03-03 00:12:42,675 - __main__ - INFO - Start adecuating TMD xemt files
2024-03-03 00:12:42,675 - ProcessTMD - INFO - Se encontro el archivo S1A_OPER_SAR_RAS____IMT_VC0_0121493_0_18020240208162026_2.xemt
2024-03-03 00:12:42,675 - ProcessTMD - INFO - Creando archivo parameterFile.xml en /home/guillermo/Documentos/L1SPC/RasAdecuator/get_arch26_121493/workspaceTMD/inputDir
2024-03-03 00:12:42,677 - __main__ - INFO - Start adecuating L0F files
2024-03-03 00:12:42,677 - adec_processor - INFO - Finding DTTL files to move to L0F input folder
2024-03-03 00:12:42,677 - adec_processor - INFO - Most resent DTTL files found: ['/home/guillermo/Documentos/L1SPC/RasAdecuator/get_arch26_121493/S1A_OPER_SAR_DTTL___CORE_000000002218545_20240208T161201_0000275024_20240206T175499.xemt', '/home/guillermo/Documentos/L1SPC/RasAdecuator/get_arch26_121493/S1A_OPER_SAR_DTTL___CORE_000000002218545_20240208T161201_0000275024_20240206T175499.xml']
2024-03-03 00:12:42,677 - adec_processor - INFO - Moving ras files to L0F input folder
2024-03-03 00:12:42,678 - ProcessL0 - INFO - Moving ras files to /home/guillermo/Documentos/L1SPC/RasAdecuator/get_arch26_121493/workspaceL0F/inputDir
2024-03-03 00:12:42,678 - ProcessBase - INFO - Moving /home/guillermo/Documentos/L1SPC/RasAdecuator/get_arch26_121493/S1A_OPER_SAR_RAS____IMT_VC1_0121493_0_18020240208162026_2.tar to /home/guillermo/Documentos/L1SPC/RasAdecuator/get_arch26_121493/workspaceL0F/inputDir
2024-03-03 00:12:42,678 - ProcessBase - INFO - Moving /home/guillermo/Documentos/L1SPC/RasAdecuator/get_arch26_121493/S1A_OPER_SAR_RAS____IMT_VC1_0121493_0_18020240208162026_2.xemt to /home/guillermo/Documentos/L1SPC/RasAdecuator/get_arch26_121493/workspaceL0F/inputDir
2024-03-03 00:12:42,678 - ProcessBase - INFO - Moving /home/guillermo/Documentos/L1SPC/RasAdecuator/get_arch26_121493/S1A_OPER_SAR_RAS____IMT_VC2_0121493_0_18020240208162026_2.tar to /home/guillermo/Documentos/L1SPC/RasAdecuator/get_arch26_121493/workspaceL0F/inputDir
2024-03-03 00:12:42,678 - ProcessBase - INFO - Moving /home/guillermo/Documentos/L1SPC/RasAdecuator/get_arch26_121493/S1A_OPER_SAR_RAS____IMT_VC2_0121493_0_18020240208162026_2.xemt to /home/guillermo/Documentos/L1SPC/RasAdecuator/get_arch26_121493/workspaceL0F/inputDir
2024-03-03 00:12:42,678 - ProcessBase - INFO - Moving /home/guillermo/Documentos/L1SPC/RasAdecuator/get_arch26_121493/S1A_OPER_SAR_RAS____IMT_VC3_0121493_0_18020240208162026_2.tar to /home/guillermo/Documentos/L1SPC/RasAdecuator/get_arch26_121493/workspaceL0F/inputDir
2024-03-03 00:12:42,678 - ProcessBase - INFO - Moving /home/guillermo/Documentos/L1SPC/RasAdecuator/get_arch26_121493/S1A_OPER_SAR_RAS____IMT_VC3_0121493_0_18020240208162026_2.xemt to /home/guillermo/Documentos/L1SPC/RasAdecuator/get_arch26_121493/workspaceL0F/inputDir
2024-03-03 00:12:42,678 - ProcessBase - INFO - Moving /home/guillermo/Documentos/L1SPC/RasAdecuator/get_arch26_121493/S1A_OPER_SAR_RAS____IMT_VC4_0121493_0_18020240208162026_2.tar to /home/guillermo/Documentos/L1SPC/RasAdecuator/get_arch26_121493/workspaceL0F/inputDir
2024-03-03 00:12:42,678 - ProcessBase - INFO - Moving /home/guillermo/Documentos/L1SPC/RasAdecuator/get_arch26_121493/S1A_OPER_SAR_RAS____IMT_VC4_0121493_0_18020240208162026_2.xemt to /home/guillermo/Documentos/L1SPC/RasAdecuator/get_arch26_121493/workspaceL0F/inputDir
2024-03-03 00:12:42,678 - ProcessBase - INFO - Moving /home/guillermo/Documentos/L1SPC/RasAdecuator/get_arch26_121493/S1A_OPER_SAR_RAS____IMT_VC6_0121493_0_18020240208162026_2.tar to /home/guillermo/Documentos/L1SPC/RasAdecuator/get_arch26_121493/workspaceL0F/inputDir
2024-03-03 00:12:42,678 - ProcessBase - INFO - Moving /home/guillermo/Documentos/L1SPC/RasAdecuator/get_arch26_121493/S1A_OPER_SAR_RAS____IMT_VC6_0121493_0_18020240208162026_2.xemt to /home/guillermo/Documentos/L1SPC/RasAdecuator/get_arch26_121493/workspaceL0F/inputDir
2024-03-03 00:12:42,678 - ProcessBase - INFO - Moving /home/guillermo/Documentos/L1SPC/RasAdecuator/get_arch26_121493/S1A_OPER_SAR_RAS____IMT_VC7_0121493_0_18020240208162026_2.tar to /home/guillermo/Documentos/L1SPC/RasAdecuator/get_arch26_121493/workspaceL0F/inputDir
2024-03-03 00:12:42,678 - ProcessBase - INFO - Moving /home/guillermo/Documentos/L1SPC/RasAdecuator/get_arch26_121493/S1A_OPER_SAR_RAS____IMT_VC7_0121493_0_18020240208162026_2.xemt to /home/guillermo/Documentos/L1SPC/RasAdecuator/get_arch26_121493/workspaceL0F/inputDir
2024-03-03 00:12:42,678 - ProcessBase - INFO - Moving /home/guillermo/Documentos/L1SPC/RasAdecuator/get_arch26_121493/S1A_OPER_SAR_RAS____IMT_VC8_0121493_0_18020240208162026_2.tar to /home/guillermo/Documentos/L1SPC/RasAdecuator/get_arch26_121493/workspaceL0F/inputDir
2024-03-03 00:12:42,678 - ProcessBase - INFO - Moving /home/guillermo/Documentos/L1SPC/RasAdecuator/get_arch26_121493/S1A_OPER_SAR_RAS____IMT_VC8_0121493_0_18020240208162026_2.xemt to /home/guillermo/Documentos/L1SPC/RasAdecuator/get_arch26_121493/workspaceL0F/inputDir
2024-03-03 00:12:42,678 - ProcessBase - INFO - Moving /home/guillermo/Documentos/L1SPC/RasAdecuator/get_arch26_121493/S1A_OPER_SAR_RAS____IMT_VC9_0121493_0_18020240208162026_2.tar to /home/guillermo/Documentos/L1SPC/RasAdecuator/get_arch26_121493/workspaceL0F/inputDir
2024-03-03 00:12:42,678 - ProcessBase - INFO - Moving /home/guillermo/Documentos/L1SPC/RasAdecuator/get_arch26_121493/S1A_OPER_SAR_RAS____IMT_VC9_0121493_0_18020240208162026_2.xemt to /home/guillermo/Documentos/L1SPC/RasAdecuator/get_arch26_121493/workspaceL0F/inputDir
2024-03-03 00:12:42,678 - ProcessL0 - INFO - Moving dtt file to /home/guillermo/Documentos/L1SPC/RasAdecuator/get_arch26_121493/workspaceL0F/inputDir
2024-03-03 00:12:42,678 - ProcessBase - INFO - Moving /home/guillermo/Documentos/L1SPC/RasAdecuator/get_arch26_121493/S1A_OPER_SAR_DTTL___CORE_000000002218545_20240208T161201_0000275024_20240206T175499.xemt to /home/guillermo/Documentos/L1SPC/RasAdecuator/get_arch26_121493/workspaceL0F/inputDir
2024-03-03 00:12:42,678 - ProcessBase - INFO - Moving /home/guillermo/Documentos/L1SPC/RasAdecuator/get_arch26_121493/S1A_OPER_SAR_DTTL___CORE_000000002218545_20240208T161201_0000275024_20240206T175499.xml to /home/guillermo/Documentos/L1SPC/RasAdecuator/get_arch26_121493/workspaceL0F/inputDir
2024-03-03 00:12:42,679 - ProcessL0 - INFO - Creando archivo parameterFile.xml en /home/guillermo/Documentos/L1SPC/RasAdecuator/get_arch26_121493/workspaceL0F/inputDir
2024-03-03 00:12:42,679 - __main__ - INFO - Start adecuating SPP files
2024-03-03 00:12:42,680 - adec_processor - INFO - Moving SSP files to /home/guillermo/Documentos/L1SPC/RasAdecuator/get_arch26_121493/workspaceSSP/inputDir
2024-03-03 00:12:42,680 - ProcessBase - INFO - Moving /home/guillermo/Documentos/L1SPC/RasAdecuator/get_arch26_121493/S1A_OPER_ODF_EPHEMS_CODS_20240209T231945_DENSEORBEPHEM_MJ2K_XYZ_R_1.xemt to /home/guillermo/Documentos/L1SPC/RasAdecuator/get_arch26_121493/workspaceSSP/inputDir
2024-03-03 00:12:42,680 - ProcessBase - INFO - Moving /home/guillermo/Documentos/L1SPC/RasAdecuator/get_arch26_121493/S1A_OPER_ODF_EPHEMS_CODS_20240209T231945_DENSEORBEPHEM_MJ2K_XYZ_R_1.zip to /home/guillermo/Documentos/L1SPC/RasAdecuator/get_arch26_121493/workspaceSSP/inputDir
2024-03-03 00:12:42,680 - ProcessBase - INFO - Moving /home/guillermo/Documentos/L1SPC/RasAdecuator/get_arch26_121493/S1A_OPER_ODF_QUATRN_CODS_20240209T120301_AOCSKF_ITPLROTATION_MJ2K2SAT_Q_O_1.xemt to /home/guillermo/Documentos/L1SPC/RasAdecuator/get_arch26_121493/workspaceSSP/inputDir
2024-03-03 00:12:42,680 - ProcessBase - INFO - Moving /home/guillermo/Documentos/L1SPC/RasAdecuator/get_arch26_121493/S1A_OPER_ODF_QUATRN_CODS_20240209T120301_AOCSKF_ITPLROTATION_MJ2K2SAT_Q_O_1.zip to /home/guillermo/Documentos/L1SPC/RasAdecuator/get_arch26_121493/workspaceSSP/inputDir
2024-03-03 00:12:42,680 - ProcessBase - INFO - Moving /home/guillermo/Documentos/L1SPC/RasAdecuator/get_arch26_121493/S1A_OPER_ODF_QUATRN_CODS_20240209T215600_AOCSKF_ITPLROTATION_MJ2K2SAT_Q_O_1.xemt to /home/guillermo/Documentos/L1SPC/RasAdecuator/get_arch26_121493/workspaceSSP/inputDir
2024-03-03 00:12:42,680 - ProcessBase - INFO - Moving /home/guillermo/Documentos/L1SPC/RasAdecuator/get_arch26_121493/S1A_OPER_ODF_QUATRN_CODS_20240209T215600_AOCSKF_ITPLROTATION_MJ2K2SAT_Q_O_1.zip to /home/guillermo/Documentos/L1SPC/RasAdecuator/get_arch26_121493/workspaceSSP/inputDir
2024-03-03 00:12:42,680 - ProcessBase - INFO - Moving /home/guillermo/Documentos/L1SPC/RasAdecuator/get_arch26_121493/S1A_OPER_ODF_QUATRN_CODS_20240210T115357_AOCSKF_ITPLROTATION_MJ2K2SAT_Q_O_1.xemt to /home/guillermo/Documentos/L1SPC/RasAdecuator/get_arch26_121493/workspaceSSP/inputDir
2024-03-03 00:12:42,680 - ProcessBase - INFO - Moving /home/guillermo/Documentos/L1SPC/RasAdecuator/get_arch26_121493/S1A_OPER_ODF_QUATRN_CODS_20240210T115357_AOCSKF_ITPLROTATION_MJ2K2SAT_Q_O_1.zip to /home/guillermo/Documentos/L1SPC/RasAdecuator/get_arch26_121493/workspaceSSP/inputDir
2024-03-03 00:12:42,680 - ProcessBase - INFO - Moving /home/guillermo/Documentos/L1SPC/RasAdecuator/get_arch26_121493/S1A_OPER_ODF_QUATRN_CODS_20240211T115850_AOCSKF_ITPLROTATION_MJ2K2SAT_Q_O_1.xemt to /home/guillermo/Documentos/L1SPC/RasAdecuator/get_arch26_121493/workspaceSSP/inputDir
2024-03-03 00:12:42,681 - ProcessBase - INFO - Moving /home/guillermo/Documentos/L1SPC/RasAdecuator/get_arch26_121493/S1A_OPER_ODF_QUATRN_CODS_20240211T115850_AOCSKF_ITPLROTATION_MJ2K2SAT_Q_O_1.zip to /home/guillermo/Documentos/L1SPC/RasAdecuator/get_arch26_121493/workspaceSSP/inputDir
2024-03-03 00:12:42,683 - ProcessSSP - INFO - Creando archivo parameterFile.xml
2024-03-03 00:12:42,684 - ProcessSSP - INFO - Creando archivo parameterFile_OFFLINEFAST.xml
2024-03-03 00:12:42,685 - ProcessSSP - INFO - Creando archivo parameterFile_ARG2.xml
2024-03-03 00:12:42,686 - ProcessSSP - INFO - Creando archivo parameterFile_ONLINEVERYFAST.xml
2024-03-03 00:12:42,686 - ProcessSSP - INFO - Creando archivo parameterFile_ARG1.xml
2024-03-03 00:12:42,686 - ProcessSSP - INFO - El archivo mas reciente es /home/guillermo/Documentos/L1SPC/RasAdecuator/get_arch26_121493/workspaceSSP/inputDir/S1A_OPER_ODF_QUATRN_CODS_20240211T115850_AOCSKF_ITPLROTATION_MJ2K2SAT_Q_O_1.xemt
2024-03-03 00:12:42,686 - ProcessSSP - INFO - El archivo mas reciente es /home/guillermo/Documentos/L1SPC/RasAdecuator/get_arch26_121493/workspaceSSP/inputDir/S1A_OPER_ODF_EPHEMS_CODS_20240209T231945_DENSEORBEPHEM_MJ2K_XYZ_R_1.xemt
2024-03-03 00:12:42,686 - __main__ - INFO - Adecuando adquisicion: get_arch26_121495
2024-03-03 00:12:42,686 - __main__ - INFO - Path to adquisition: /home/guillermo/Documentos/L1SPC/RasAdecuator/get_arch26_121495
2024-03-03 00:12:42,687 - __main__ - INFO - Platform: S1A
2024-03-03 00:12:42,687 - FileHandler - INFO - Creating folder structure for /home/guillermo/Documentos/L1SPC/RasAdecuator/get_arch26_121495
2024-03-03 00:12:42,687 - FileHandler - INFO - Content copied from /home/guillermo/Documentos/L1SPC/RasAdecuator/folder_structure/inputWorkspacesTemplate/workspaceSSP/proc.sh to /home/guillermo/Documentos/L1SPC/RasAdecuator/get_arch26_121495/workspaceSSP/proc.sh
2024-03-03 00:12:42,687 - FileHandler - INFO - Content copied from /home/guillermo/Documentos/L1SPC/RasAdecuator/folder_structure/inputWorkspacesTemplate/workspaceSSP/inputDir/parameterFile.xml to /home/guillermo/Documentos/L1SPC/RasAdecuator/get_arch26_121495/workspaceSSP/inputDir/parameterFile.xml
2024-03-03 00:12:42,687 - __main__ - INFO - Se ha creado la carpeta /home/guillermo/Documentos/L1SPC/RasAdecuator/get_arch26_121495
2024-03-03 00:12:42,687 - __main__ - INFO - Start adecuating TMD files
2024-03-03 00:12:42,687 - adec_processor - INFO - Moving .vc0 files to TMD input folder
2024-03-03 00:12:42,687 - ProcessBase - INFO - Moving /home/guillermo/Documentos/L1SPC/RasAdecuator/get_arch26_121495/S1A_OPER_SAR_RAS____IMT_VC0_0121495_0_18020240208175630_1.tar to /home/guillermo/Documentos/L1SPC/RasAdecuator/get_arch26_121495/workspaceTMD/inputDir
2024-03-03 00:12:42,687 - ProcessBase - INFO - Moving /home/guillermo/Documentos/L1SPC/RasAdecuator/get_arch26_121495/S1A_OPER_SAR_RAS____IMT_VC0_0121495_0_18020240208175630_1.xemt to /home/guillermo/Documentos/L1SPC/RasAdecuator/get_arch26_121495/workspaceTMD/inputDir
2024-03-03 00:12:42,687 - __main__ - INFO - Start adecuating TMD xemt files
2024-03-03 00:12:42,687 - ProcessTMD - INFO - Se encontro el archivo S1A_OPER_SAR_RAS____IMT_VC0_0121495_0_18020240208175630_1.xemt
2024-03-03 00:12:42,688 - ProcessTMD - INFO - Creando archivo parameterFile.xml en /home/guillermo/Documentos/L1SPC/RasAdecuator/get_arch26_121495/workspaceTMD/inputDir
2024-03-03 00:12:42,688 - __main__ - INFO - Start adecuating L0F files
2024-03-03 00:12:42,688 - adec_processor - INFO - Finding DTTL files to move to L0F input folder
2024-03-03 00:12:42,688 - adec_processor - INFO - Most resent DTTL files found: ['/home/guillermo/Documentos/L1SPC/RasAdecuator/get_arch26_121495/S1A_OPER_SAR_DTTL___CORE_000000002218547_20240208T175024_0000850494_20240206T175499.xemt', '/home/guillermo/Documentos/L1SPC/RasAdecuator/get_arch26_121495/S1A_OPER_SAR_DTTL___CORE_000000002218547_20240208T175024_0000850494_20240206T175499.xml']
2024-03-03 00:12:42,688 - adec_processor - INFO - Moving ras files to L0F input folder
2024-03-03 00:12:42,689 - ProcessL0 - INFO - Moving ras files to /home/guillermo/Documentos/L1SPC/RasAdecuator/get_arch26_121495/workspaceL0F/inputDir
2024-03-03 00:12:42,689 - ProcessBase - INFO - Moving /home/guillermo/Documentos/L1SPC/RasAdecuator/get_arch26_121495/S1A_OPER_SAR_RAS____IMT_VC1_0121495_0_18020240208175630_1.tar to /home/guillermo/Documentos/L1SPC/RasAdecuator/get_arch26_121495/workspaceL0F/inputDir
2024-03-03 00:12:42,689 - ProcessBase - INFO - Moving /home/guillermo/Documentos/L1SPC/RasAdecuator/get_arch26_121495/S1A_OPER_SAR_RAS____IMT_VC1_0121495_0_18020240208175630_1.xemt to /home/guillermo/Documentos/L1SPC/RasAdecuator/get_arch26_121495/workspaceL0F/inputDir
2024-03-03 00:12:42,689 - ProcessBase - INFO - Moving /home/guillermo/Documentos/L1SPC/RasAdecuator/get_arch26_121495/S1A_OPER_SAR_RAS____IMT_VC2_0121495_0_18020240208175630_1.tar to /home/guillermo/Documentos/L1SPC/RasAdecuator/get_arch26_121495/workspaceL0F/inputDir
2024-03-03 00:12:42,689 - ProcessBase - INFO - Moving /home/guillermo/Documentos/L1SPC/RasAdecuator/get_arch26_121495/S1A_OPER_SAR_RAS____IMT_VC2_0121495_0_18020240208175630_1.xemt to /home/guillermo/Documentos/L1SPC/RasAdecuator/get_arch26_121495/workspaceL0F/inputDir
2024-03-03 00:12:42,689 - ProcessBase - INFO - Moving /home/guillermo/Documentos/L1SPC/RasAdecuator/get_arch26_121495/S1A_OPER_SAR_RAS____IMT_VC3_0121495_0_18020240208175630_1.tar to /home/guillermo/Documentos/L1SPC/RasAdecuator/get_arch26_121495/workspaceL0F/inputDir
2024-03-03 00:12:42,689 - ProcessBase - INFO - Moving /home/guillermo/Documentos/L1SPC/RasAdecuator/get_arch26_121495/S1A_OPER_SAR_RAS____IMT_VC3_0121495_0_18020240208175630_1.xemt to /home/guillermo/Documentos/L1SPC/RasAdecuator/get_arch26_121495/workspaceL0F/inputDir
2024-03-03 00:12:42,689 - ProcessBase - INFO - Moving /home/guillermo/Documentos/L1SPC/RasAdecuator/get_arch26_121495/S1A_OPER_SAR_RAS____IMT_VC4_0121495_0_18020240208175630_1.tar to /home/guillermo/Documentos/L1SPC/RasAdecuator/get_arch26_121495/workspaceL0F/inputDir
2024-03-03 00:12:42,689 - ProcessBase - INFO - Moving /home/guillermo/Documentos/L1SPC/RasAdecuator/get_arch26_121495/S1A_OPER_SAR_RAS____IMT_VC4_0121495_0_18020240208175630_1.xemt to /home/guillermo/Documentos/L1SPC/RasAdecuator/get_arch26_121495/workspaceL0F/inputDir
2024-03-03 00:12:42,689 - ProcessBase - INFO - Moving /home/guillermo/Documentos/L1SPC/RasAdecuator/get_arch26_121495/S1A_OPER_SAR_RAS____IMT_VC6_0121495_0_18020240208175630_1.tar to /home/guillermo/Documentos/L1SPC/RasAdecuator/get_arch26_121495/workspaceL0F/inputDir
2024-03-03 00:12:42,689 - ProcessBase - INFO - Moving /home/guillermo/Documentos/L1SPC/RasAdecuator/get_arch26_121495/S1A_OPER_SAR_RAS____IMT_VC6_0121495_0_18020240208175630_1.xemt to /home/guillermo/Documentos/L1SPC/RasAdecuator/get_arch26_121495/workspaceL0F/inputDir
2024-03-03 00:12:42,689 - ProcessBase - INFO - Moving /home/guillermo/Documentos/L1SPC/RasAdecuator/get_arch26_121495/S1A_OPER_SAR_RAS____IMT_VC7_0121495_0_18020240208175630_1.tar to /home/guillermo/Documentos/L1SPC/RasAdecuator/get_arch26_121495/workspaceL0F/inputDir
2024-03-03 00:12:42,689 - ProcessBase - INFO - Moving /home/guillermo/Documentos/L1SPC/RasAdecuator/get_arch26_121495/S1A_OPER_SAR_RAS____IMT_VC7_0121495_0_18020240208175630_1.xemt to /home/guillermo/Documentos/L1SPC/RasAdecuator/get_arch26_121495/workspaceL0F/inputDir
2024-03-03 00:12:42,689 - ProcessBase - INFO - Moving /home/guillermo/Documentos/L1SPC/RasAdecuator/get_arch26_121495/S1A_OPER_SAR_RAS____IMT_VC8_0121495_0_18020240208175630_1.tar to /home/guillermo/Documentos/L1SPC/RasAdecuator/get_arch26_121495/workspaceL0F/inputDir
2024-03-03 00:12:42,689 - ProcessBase - INFO - Moving /home/guillermo/Documentos/L1SPC/RasAdecuator/get_arch26_121495/S1A_OPER_SAR_RAS____IMT_VC8_0121495_0_18020240208175630_1.xemt to /home/guillermo/Documentos/L1SPC/RasAdecuator/get_arch26_121495/workspaceL0F/inputDir
2024-03-03 00:12:42,689 - ProcessBase - INFO - Moving /home/guillermo/Documentos/L1SPC/RasAdecuator/get_arch26_121495/S1A_OPER_SAR_RAS____IMT_VC9_0121495_0_18020240208175630_1.tar to /home/guillermo/Documentos/L1SPC/RasAdecuator/get_arch26_121495/workspaceL0F/inputDir
2024-03-03 00:12:42,689 - ProcessBase - INFO - Moving /home/guillermo/Documentos/L1SPC/RasAdecuator/get_arch26_121495/S1A_OPER_SAR_RAS____IMT_VC9_0121495_0_18020240208175630_1.xemt to /home/guillermo/Documentos/L1SPC/RasAdecuator/get_arch26_121495/workspaceL0F/inputDir
2024-03-03 00:12:42,689 - ProcessL0 - INFO - Moving dtt file to /home/guillermo/Documentos/L1SPC/RasAdecuator/get_arch26_121495/workspaceL0F/inputDir
2024-03-03 00:12:42,689 - ProcessBase - INFO - Moving /home/guillermo/Documentos/L1SPC/RasAdecuator/get_arch26_121495/S1A_OPER_SAR_DTTL___CORE_000000002218547_20240208T175024_0000850494_20240206T175499.xemt to /home/guillermo/Documentos/L1SPC/RasAdecuator/get_arch26_121495/workspaceL0F/inputDir
2024-03-03 00:12:42,689 - ProcessBase - INFO - Moving /home/guillermo/Documentos/L1SPC/RasAdecuator/get_arch26_121495/S1A_OPER_SAR_DTTL___CORE_000000002218547_20240208T175024_0000850494_20240206T175499.xml to /home/guillermo/Documentos/L1SPC/RasAdecuator/get_arch26_121495/workspaceL0F/inputDir
2024-03-03 00:12:42,689 - ProcessL0 - INFO - Creando archivo parameterFile.xml en /home/guillermo/Documentos/L1SPC/RasAdecuator/get_arch26_121495/workspaceL0F/inputDir
2024-03-03 00:12:42,690 - __main__ - INFO - Start adecuating SPP files
2024-03-03 00:12:42,690 - adec_processor - INFO - Moving SSP files to /home/guillermo/Documentos/L1SPC/RasAdecuator/get_arch26_121495/workspaceSSP/inputDir
2024-03-03 00:12:42,690 - ProcessBase - INFO - Moving /home/guillermo/Documentos/L1SPC/RasAdecuator/get_arch26_121495/S1A_OPER_ODF_EPHEMS_CODS_20240209T231945_DENSEORBEPHEM_MJ2K_XYZ_R_1.xemt to /home/guillermo/Documentos/L1SPC/RasAdecuator/get_arch26_121495/workspaceSSP/inputDir
2024-03-03 00:12:42,691 - ProcessBase - INFO - Moving /home/guillermo/Documentos/L1SPC/RasAdecuator/get_arch26_121495/S1A_OPER_ODF_EPHEMS_CODS_20240209T231945_DENSEORBEPHEM_MJ2K_XYZ_R_1.zip to /home/guillermo/Documentos/L1SPC/RasAdecuator/get_arch26_121495/workspaceSSP/inputDir
2024-03-03 00:12:42,691 - ProcessBase - INFO - Moving /home/guillermo/Documentos/L1SPC/RasAdecuator/get_arch26_121495/S1A_OPER_ODF_QUATRN_CODS_20240209T120301_AOCSKF_ITPLROTATION_MJ2K2SAT_Q_O_1.xemt to /home/guillermo/Documentos/L1SPC/RasAdecuator/get_arch26_121495/workspaceSSP/inputDir
2024-03-03 00:12:42,691 - ProcessBase - INFO - Moving /home/guillermo/Documentos/L1SPC/RasAdecuator/get_arch26_121495/S1A_OPER_ODF_QUATRN_CODS_20240209T120301_AOCSKF_ITPLROTATION_MJ2K2SAT_Q_O_1.zip to /home/guillermo/Documentos/L1SPC/RasAdecuator/get_arch26_121495/workspaceSSP/inputDir
2024-03-03 00:12:42,691 - ProcessBase - INFO - Moving /home/guillermo/Documentos/L1SPC/RasAdecuator/get_arch26_121495/S1A_OPER_ODF_QUATRN_CODS_20240209T215600_AOCSKF_ITPLROTATION_MJ2K2SAT_Q_O_1.xemt to /home/guillermo/Documentos/L1SPC/RasAdecuator/get_arch26_121495/workspaceSSP/inputDir
2024-03-03 00:12:42,691 - ProcessBase - INFO - Moving /home/guillermo/Documentos/L1SPC/RasAdecuator/get_arch26_121495/S1A_OPER_ODF_QUATRN_CODS_20240209T215600_AOCSKF_ITPLROTATION_MJ2K2SAT_Q_O_1.zip to /home/guillermo/Documentos/L1SPC/RasAdecuator/get_arch26_121495/workspaceSSP/inputDir
2024-03-03 00:12:42,691 - ProcessBase - INFO - Moving /home/guillermo/Documentos/L1SPC/RasAdecuator/get_arch26_121495/S1A_OPER_ODF_QUATRN_CODS_20240210T115357_AOCSKF_ITPLROTATION_MJ2K2SAT_Q_O_1.xemt to /home/guillermo/Documentos/L1SPC/RasAdecuator/get_arch26_121495/workspaceSSP/inputDir
2024-03-03 00:12:42,691 - ProcessBase - INFO - Moving /home/guillermo/Documentos/L1SPC/RasAdecuator/get_arch26_121495/S1A_OPER_ODF_QUATRN_CODS_20240210T115357_AOCSKF_ITPLROTATION_MJ2K2SAT_Q_O_1.zip to /home/guillermo/Documentos/L1SPC/RasAdecuator/get_arch26_121495/workspaceSSP/inputDir
2024-03-03 00:12:42,691 - ProcessBase - INFO - Moving /home/guillermo/Documentos/L1SPC/RasAdecuator/get_arch26_121495/S1A_OPER_ODF_QUATRN_CODS_20240211T115850_AOCSKF_ITPLROTATION_MJ2K2SAT_Q_O_1.xemt to /home/guillermo/Documentos/L1SPC/RasAdecuator/get_arch26_121495/workspaceSSP/inputDir
2024-03-03 00:12:42,691 - ProcessBase - INFO - Moving /home/guillermo/Documentos/L1SPC/RasAdecuator/get_arch26_121495/S1A_OPER_ODF_QUATRN_CODS_20240211T115850_AOCSKF_ITPLROTATION_MJ2K2SAT_Q_O_1.zip to /home/guillermo/Documentos/L1SPC/RasAdecuator/get_arch26_121495/workspaceSSP/inputDir
2024-03-03 00:12:42,691 - ProcessSSP - INFO - Creando archivo parameterFile.xml
2024-03-03 00:12:42,692 - ProcessSSP - INFO - Creando archivo parameterFile_OFFLINEFAST.xml
2024-03-03 00:12:42,693 - ProcessSSP - INFO - Creando archivo parameterFile_ARG2.xml
2024-03-03 00:12:42,694 - ProcessSSP - INFO - Creando archivo parameterFile_ONLINEVERYFAST.xml
2024-03-03 00:12:42,695 - ProcessSSP - INFO - Creando archivo parameterFile_ARG1.xml
2024-03-03 00:12:42,695 - ProcessSSP - INFO - El archivo mas reciente es /home/guillermo/Documentos/L1SPC/RasAdecuator/get_arch26_121495/workspaceSSP/inputDir/S1A_OPER_ODF_QUATRN_CODS_20240211T115850_AOCSKF_ITPLROTATION_MJ2K2SAT_Q_O_1.xemt
2024-03-03 00:12:42,695 - ProcessSSP - INFO - El archivo mas reciente es /home/guillermo/Documentos/L1SPC/RasAdecuator/get_arch26_121495/workspaceSSP/inputDir/S1A_OPER_ODF_EPHEMS_CODS_20240209T231945_DENSEORBEPHEM_MJ2K_XYZ_R_1.xemt
